<?xml version="1.0" encoding="UTF-8"?>
<!-- Generated by org.testng.reporters.JUnitReportReporter -->
<testsuite hostname="DESKTOP-JM6IDBQ" name="com.example.demo.SpringBootDemo1ApplicationTests" tests="1" failures="0" timestamp="16 Jun 2020 07:39:46 GMT" time="0.112" errors="0">
  <testcase name="contextLoads" time="0.112" classname="com.example.demo.SpringBootDemo1ApplicationTests"/>
</testsuite> <!-- com.example.demo.SpringBootDemo1ApplicationTests -->
